<?xml version="1.0" encoding="UTF-8"?>
<!-- Generated by org.testng.reporters.JUnitXMLReporter -->
<testsuite hostname="HIBACL44401" name="free crm application test case" tests="8" failures="2" timestamp="24 Nov 2018 20:30:42 GMT" time="227.527" errors="0">
  <testcase name="loginPageTileTest" time="0.058" classname="com.crm.qa.testcases.LoginPageTest"/>
  <testcase name="crmLogoImageTest" time="0.164" classname="com.crm.qa.testcases.LoginPageTest"/>
  <testcase name="loginTest" time="9.736" classname="com.crm.qa.testcases.LoginPageTest"/>
  <testcase name="VerifyHomePage" time="0.033" classname="com.crm.qa.testcases.HomePageTestcases"/>
  <testcase name="VerifyUserNameTest" time="0.15" classname="com.crm.qa.testcases.HomePageTestcases"/>
  <testcase name="verifyContactsLinkTest" time="0.18" classname="com.crm.qa.testcases.HomePageTestcases"/>
  <testcase name="contactPageVerifytest" time="0.002" classname="com.crm.qa.testcases.ContactPageTest">
    <failure type="java.lang.NullPointerException">
      <![CDATA[java.lang.NullPointerException
	at com.crm.qa.testcases.ContactPageTest.contactPageVerifytest(ContactPageTest.java:45)
... Removed 24 stack frames]]>
    </failure>
  </testcase> <!-- contactPageVerifytest -->
  <testcase name="selectContsCheckBox" time="0.002" classname="com.crm.qa.testcases.ContactPageTest">
    <failure type="java.lang.NullPointerException">
      <![CDATA[java.lang.NullPointerException
	at com.crm.qa.testcases.ContactPageTest.selectContsCheckBox(ContactPageTest.java:51)
... Removed 24 stack frames]]>
    </failure>
  </testcase> <!-- selectContsCheckBox -->
</testsuite> <!-- free crm application test case -->
