<?xml version="1.0" encoding="UTF-8"?>
<!-- Generated by org.testng.reporters.JUnitXMLReporter -->
<testsuite hostname="HIBACL44401" name="Test1" tests="11" failures="0" timestamp="10 Sep 2019 05:07:06 GMT" time="0.116" errors="0">
  <testcase name="@BeforeMethod setup" time="0.0" classname="com.crm.qa.testcases.HomePageTestcases">
    <failure type="java.lang.Error" message="Unresolved compilation problem: 
	The method initialization(String) in the type TestBase is not applicable for the arguments ()
">
      <![CDATA[java.lang.Error: Unresolved compilation problem: 
	The method initialization(String) in the type TestBase is not applicable for the arguments ()

	at com.crm.qa.testcases.HomePageTestcases.setup(HomePageTestcases.java:36)
... Removed 26 stack frames]]>
    </failure>
  </testcase> <!-- @BeforeMethod setup -->
  <testcase name="@AfterMethod tearDown" time="0.0" classname="com.crm.qa.testcases.HomePageTestcases">
    <skipped/>
  </testcase> <!-- @AfterMethod tearDown -->
  <testcase name="@BeforeMethod setup" time="0.0" classname="com.crm.qa.testcases.HomePageTestcases">
    <skipped/>
  </testcase> <!-- @BeforeMethod setup -->
  <testcase name="@AfterMethod tearDown" time="0.0" classname="com.crm.qa.testcases.HomePageTestcases">
    <skipped/>
  </testcase> <!-- @AfterMethod tearDown -->
  <testcase name="@BeforeMethod setup" time="0.0" classname="com.crm.qa.testcases.SimpleFormDemoPageTestCases">
    <failure type="java.lang.Error" message="Unresolved compilation problem: 
	The method initialization(String) in the type TestBase is not applicable for the arguments ()
">
      <![CDATA[java.lang.Error: Unresolved compilation problem: 
	The method initialization(String) in the type TestBase is not applicable for the arguments ()

	at com.crm.qa.testcases.SimpleFormDemoPageTestCases.setup(SimpleFormDemoPageTestCases.java:34)
... Removed 26 stack frames]]>
    </failure>
  </testcase> <!-- @BeforeMethod setup -->
  <testcase name="@AfterMethod tearDown" time="0.0" classname="com.crm.qa.testcases.SimpleFormDemoPageTestCases">
    <skipped/>
  </testcase> <!-- @AfterMethod tearDown -->
  <testcase name="@BeforeMethod setup" time="0.0" classname="com.crm.qa.testcases.SimpleFormDemoPageTestCases">
    <skipped/>
  </testcase> <!-- @BeforeMethod setup -->
  <testcase name="@AfterMethod tearDown" time="0.0" classname="com.crm.qa.testcases.SimpleFormDemoPageTestCases">
    <skipped/>
  </testcase> <!-- @AfterMethod tearDown -->
  <testcase name="@BeforeMethod setup" time="0.0" classname="com.crm.qa.testcases.SimpleFormDemoPageTestCases">
    <skipped/>
  </testcase> <!-- @BeforeMethod setup -->
  <testcase name="@AfterMethod tearDown" time="0.0" classname="com.crm.qa.testcases.SimpleFormDemoPageTestCases">
    <skipped/>
  </testcase> <!-- @AfterMethod tearDown -->
  <testcase name="@BeforeMethod setup" time="0.0" classname="com.crm.qa.testcases.BootStrapDatePickerPageTestCases">
    <failure type="java.lang.Error" message="Unresolved compilation problem: 
	The method initialization(String) in the type TestBase is not applicable for the arguments ()
">
      <![CDATA[java.lang.Error: Unresolved compilation problem: 
	The method initialization(String) in the type TestBase is not applicable for the arguments ()

	at com.crm.qa.testcases.BootStrapDatePickerPageTestCases.setup(BootStrapDatePickerPageTestCases.java:45)
... Removed 26 stack frames]]>
    </failure>
  </testcase> <!-- @BeforeMethod setup -->
  <testcase name="@AfterMethod tearDown" time="0.0" classname="com.crm.qa.testcases.BootStrapDatePickerPageTestCases">
    <skipped/>
  </testcase> <!-- @AfterMethod tearDown -->
  <testcase name="@BeforeMethod setup" time="0.0" classname="com.crm.qa.testcases.BootStrapDatePickerPageTestCases">
    <skipped/>
  </testcase> <!-- @BeforeMethod setup -->
  <testcase name="@AfterMethod tearDown" time="0.0" classname="com.crm.qa.testcases.BootStrapDatePickerPageTestCases">
    <skipped/>
  </testcase> <!-- @AfterMethod tearDown -->
  <testcase name="@BeforeMethod setup" time="0.0" classname="com.crm.qa.testcases.BootStrapDatePickerPageTestCases">
    <skipped/>
  </testcase> <!-- @BeforeMethod setup -->
  <testcase name="@AfterMethod tearDown" time="0.0" classname="com.crm.qa.testcases.BootStrapDatePickerPageTestCases">
    <skipped/>
  </testcase> <!-- @AfterMethod tearDown -->
  <testcase name="@BeforeMethod setup" time="0.0" classname="com.crm.qa.testcases.BootStrapDatePickerPageTestCases">
    <skipped/>
  </testcase> <!-- @BeforeMethod setup -->
  <testcase name="@AfterMethod tearDown" time="0.0" classname="com.crm.qa.testcases.BootStrapDatePickerPageTestCases">
    <skipped/>
  </testcase> <!-- @AfterMethod tearDown -->
  <testcase name="VerifySelectDropdownListLink" time="0.0" classname="com.crm.qa.testcases.HomePageTestcases">
    <skipped/>
  </testcase> <!-- VerifySelectDropdownListLink -->
  <testcase name="initialization" time="0.0" classname="com.crm.qa.testcases.HomePageTestcases">
    <skipped/>
  </testcase> <!-- initialization -->
  <testcase name="VerifySingleInputField" time="0.002" classname="com.crm.qa.testcases.SimpleFormDemoPageTestCases">
    <skipped/>
  </testcase> <!-- VerifySingleInputField -->
  <testcase name="VerifyTwoInputField" time="0.0" classname="com.crm.qa.testcases.SimpleFormDemoPageTestCases">
    <skipped/>
  </testcase> <!-- VerifyTwoInputField -->
  <testcase name="initialization" time="0.0" classname="com.crm.qa.testcases.SimpleFormDemoPageTestCases">
    <skipped/>
  </testcase> <!-- initialization -->
  <testcase name="VerifyBootstrapFromAndTo" time="0.016" classname="com.crm.qa.testcases.BootStrapDatePickerPageTestCases">
    <skipped/>
  </testcase> <!-- VerifyBootstrapFromAndTo -->
  <testcase name="VerifyBootstrapPage" time="0.0" classname="com.crm.qa.testcases.BootStrapDatePickerPageTestCases">
    <skipped/>
  </testcase> <!-- VerifyBootstrapPage -->
  <testcase name="VerifyCurrentDate" time="0.0" classname="com.crm.qa.testcases.BootStrapDatePickerPageTestCases">
    <skipped/>
  </testcase> <!-- VerifyCurrentDate -->
  <testcase name="initialization" time="0.016" classname="com.crm.qa.testcases.BootStrapDatePickerPageTestCases">
    <skipped/>
  </testcase> <!-- initialization -->
  <testcase name="initialization" time="0.0" classname="com.crm.util.TestUtil">
    <skipped/>
  </testcase> <!-- initialization -->
  <testcase name="clickScreenshots" time="0.0" classname="com.crm.util.TestUtil">
    <skipped/>
  </testcase> <!-- clickScreenshots -->
</testsuite> <!-- Test1 -->
