<?xml version="1.0" encoding="UTF-8"?>
<!-- Generated by org.testng.reporters.JUnitXMLReporter -->
<testsuite hostname="HIBACL44401" name="Test" tests="11" failures="2" timestamp="10 May 2019 09:35:33 GMT" time="218.348" errors="0">
  <testcase name="InputFormLink" time="4.142" classname="com.crm.qa.testcases.HomePageTestcases"/>
  <testcase name="SimpleFormDemo" time="5.321" classname="com.crm.qa.testcases.HomePageTestcases"/>
  <testcase name="VerifyBootstrapDatePickerLink" time="3.858" classname="com.crm.qa.testcases.HomePageTestcases"/>
  <testcase name="VerifyDemoLink" time="3.805" classname="com.crm.qa.testcases.HomePageTestcases"/>
  <testcase name="VerifyDemoPage" time="0.021" classname="com.crm.qa.testcases.HomePageTestcases"/>
  <testcase name="VerifySingleInputField" time="4.755" classname="com.crm.qa.testcases.SimpleFormDemoPageTestCases"/>
  <testcase name="VerifyTwoInputField" time="5.64" classname="com.crm.qa.testcases.SimpleFormDemoPageTestCases"/>
  <testcase name="VerifyBootstrapFromAndTo" time="15.062" classname="com.crm.qa.testcases.BootStrapDatePickerPageTestCases">
    <failure type="org.openqa.selenium.NoSuchElementException" message="Unable to locate element: //div[@id=&amp;apos;datepicker&amp;apos;]//td[@class=&amp;apos;form-control&amp;apos;]
For documentation on this error, please visit: https://www.seleniumhq.org/exceptions/no_such_element.html
Build info: version: &amp;apos;3.141.59&amp;apos;, revision: &amp;apos;e82be7d358&amp;apos;, time: &amp;apos;2018-11-14T08:25:48&amp;apos;
System info: host: &amp;apos;HIBACL44401&amp;apos;, ip: &amp;apos;10.91.112.58&amp;apos;, os.name: &amp;apos;Windows 10&amp;apos;, os.arch: &amp;apos;amd64&amp;apos;, os.version: &amp;apos;10.0&amp;apos;, java.version: &amp;apos;1.8.0_144&amp;apos;
Driver info: org.openqa.selenium.firefox.FirefoxDriver
Capabilities {acceptInsecureCerts: true, browserName: firefox, browserVersion: 66.0.5, javascriptEnabled: true, moz:accessibilityChecks: false, moz:geckodriverVersion: 0.24.0, moz:headless: false, moz:processID: 13936, moz:profile: C:\Users\inmanagall\AppData..., moz:shutdownTimeout: 60000, moz:useNonSpecCompliantPointerOrigin: false, moz:webdriverClick: true, pageLoadStrategy: normal, platform: WINDOWS, platformName: WINDOWS, platformVersion: 10.0, rotatable: false, setWindowRect: true, strictFileInteractability: false, timeouts: {implicit: 0, pageLoad: 300000, script: 30000}, unhandledPromptBehavior: dismiss and notify}
Session ID: 775a687f-0128-4600-9882-e66c9e385da7
*** Element info: {Using=xpath, value=//div[@id=&amp;apos;datepicker&amp;apos;]//td[@class=&amp;apos;form-control&amp;apos;]}">
      <![CDATA[org.openqa.selenium.NoSuchElementException: Unable to locate element: //div[@id='datepicker']//td[@class='form-control']
For documentation on this error, please visit: https://www.seleniumhq.org/exceptions/no_such_element.html
Build info: version: '3.141.59', revision: 'e82be7d358', time: '2018-11-14T08:25:48'
System info: host: 'HIBACL44401', ip: '10.91.112.58', os.name: 'Windows 10', os.arch: 'amd64', os.version: '10.0', java.version: '1.8.0_144'
Driver info: org.openqa.selenium.firefox.FirefoxDriver
Capabilities {acceptInsecureCerts: true, browserName: firefox, browserVersion: 66.0.5, javascriptEnabled: true, moz:accessibilityChecks: false, moz:geckodriverVersion: 0.24.0, moz:headless: false, moz:processID: 13936, moz:profile: C:\Users\inmanagall\AppData..., moz:shutdownTimeout: 60000, moz:useNonSpecCompliantPointerOrigin: false, moz:webdriverClick: true, pageLoadStrategy: normal, platform: WINDOWS, platformName: WINDOWS, platformVersion: 10.0, rotatable: false, setWindowRect: true, strictFileInteractability: false, timeouts: {implicit: 0, pageLoad: 300000, script: 30000}, unhandledPromptBehavior: dismiss and notify}
Session ID: 775a687f-0128-4600-9882-e66c9e385da7
*** Element info: {Using=xpath, value=//div[@id='datepicker']//td[@class='form-control']}
	at org.openqa.selenium.remote.http.W3CHttpResponseCodec.createException(W3CHttpResponseCodec.java:187)
	at org.openqa.selenium.remote.http.W3CHttpResponseCodec.decode(W3CHttpResponseCodec.java:122)
	at org.openqa.selenium.remote.http.W3CHttpResponseCodec.decode(W3CHttpResponseCodec.java:49)
	at org.openqa.selenium.remote.HttpCommandExecutor.execute(HttpCommandExecutor.java:158)
	at org.openqa.selenium.remote.service.DriverCommandExecutor.execute(DriverCommandExecutor.java:83)
	at org.openqa.selenium.remote.RemoteWebDriver.execute(RemoteWebDriver.java:552)
	at org.openqa.selenium.remote.RemoteWebDriver.findElement(RemoteWebDriver.java:323)
	at org.openqa.selenium.remote.RemoteWebDriver.findElementByXPath(RemoteWebDriver.java:428)
	at org.openqa.selenium.By$ByXPath.findElement(By.java:353)
	at org.openqa.selenium.remote.RemoteWebDriver.findElement(RemoteWebDriver.java:315)
	at org.openqa.selenium.support.events.EventFiringWebDriver.lambda$new$1(EventFiringWebDriver.java:105)
	at com.sun.proxy.$Proxy7.findElement(Unknown Source)
	at org.openqa.selenium.support.events.EventFiringWebDriver.findElement(EventFiringWebDriver.java:194)
	at org.openqa.selenium.support.pagefactory.DefaultElementLocator.findElement(DefaultElementLocator.java:69)
	at org.openqa.selenium.support.pagefactory.internal.LocatingElementHandler.invoke(LocatingElementHandler.java:38)
	at com.sun.proxy.$Proxy12.sendKeys(Unknown Source)
	at com.crm.pages.BootStrapDatePickerPage.verifyCurrentFromDate(BootStrapDatePickerPage.java:58)
	at com.crm.qa.testcases.BootStrapDatePickerPageTestCases.VerifyBootstrapFromAndTo(BootStrapDatePickerPageTestCases.java:84)
... Removed 31 stack frames]]>
    </failure>
  </testcase> <!-- VerifyBootstrapFromAndTo -->
  <testcase name="VerifyBootstrapPage" time="4.193" classname="com.crm.qa.testcases.BootStrapDatePickerPageTestCases">
    <failure type="java.lang.AssertionError" message="expected [Bootstrap Date Pickers Example] but found [WELCOME TO SELENIUM EASY DEMO
We have listed most of the components that are used by developers to build web applications.
Start Practising]">
      <![CDATA[java.lang.AssertionError: expected [Bootstrap Date Pickers Example] but found [WELCOME TO SELENIUM EASY DEMO
We have listed most of the components that are used by developers to build web applications.
Start Practising]
	at com.crm.qa.testcases.BootStrapDatePickerPageTestCases.VerifyBootstrapPage(BootStrapDatePickerPageTestCases.java:58)
... Removed 29 stack frames]]>
    </failure>
  </testcase> <!-- VerifyBootstrapPage -->
  <testcase name="VerifyCurrentDate" time="4.773" classname="com.crm.qa.testcases.BootStrapDatePickerPageTestCases"/>
  <testcase name="clickScreenshots" time="0.0" classname="com.crm.util.TestUtil">
    <skipped/>
  </testcase> <!-- clickScreenshots -->
</testsuite> <!-- Test -->
