<!DOCTYPE html PUBLIC "-//W3C//DTD XHTML 1.1//EN" "http://www.w3.org/TR/xhtml11/DTD/xhtml11.dtd">
<html xmlns="http://www.w3.org/1999/xhtml">
<head>
<title>TestNG:  Unit Test</title>
<style type="text/css">
table caption,table.info_table,table.result,table.passed,table.failed {margin-bottom:10px;border:1px solid #000099;border-collapse:collapse;empty-cells:show;}
table.info_table td,table.info_table th,table.result td,table.result th,table.passed td,table.passed th,table.failed td,table.failed th {
border:1px solid #000099;padding:.25em .5em .25em .5em
}
table.result th {vertical-align:bottom}
tr.param th {padding-left:1em;padding-right:1em}
tr.param td {padding-left:.5em;padding-right:2em}
td.numi,th.numi,td.numi_attn {
text-align:right
}
tr.total td {font-weight:bold}
table caption {
text-align:center;font-weight:bold;
}
table.passed tr.stripe td,table tr.passedodd td {background-color: #00AA00;}
table.passed td,table tr.passedeven td {background-color: #33FF33;}
table.passed tr.stripe td,table tr.skippedodd td {background-color: #cccccc;}
table.passed td,table tr.skippedodd td {background-color: #dddddd;}
table.failed tr.stripe td,table tr.failedodd td,table.result td.numi_attn {background-color: #FF3333;}
table.failed td,table tr.failedeven td,table.result tr.stripe td.numi_attn {background-color: #DD0000;}
tr.stripe td,tr.stripe th {background-color: #E6EBF9;}
p.totop {font-size:85%;text-align:center;border-bottom:2px black solid}
div.shootout {padding:2em;border:3px #4854A8 solid}
</style>
</head>
<body>
<table cellspacing="0" cellpadding="0" class="result">
<tr><th>Test</th><th class="numi">Methods<br/>Passed</th><th class="numi">Scenarios<br/>Passed</th><th class="numi"># skipped</th><th class="numi"># failed</th><th class="numi">Total<br/>Time</th><th class="numi">Included<br/>Groups</th><th class="numi">Excluded<br/>Groups</th></tr>
<tr><td style="text-align:left;padding-right:2em">Test</td><td class="numi">0</td><td class="numi">0</td><td class="numi">0</td><td class="numi_attn">7</td><td class="numi">164.5 seconds</td><td class="numi"></td><td class="numi"></td></tr>
</table>
<table cellspacing="0" cellpadding="0" class="passed" id="summary">
<tr><th>Class</th><th>Method</th><th># of<br/>Scenarios</th><th>Start</th><th>Time<br/>(ms)</th></tr>
<tr><th colspan="4">Test &#8212; failed (configuration methods)</th></tr>
<tr class="failedodd"><td rowspan="1">com.crm.qa.testcases.SimpleFormDemoPageTestCases</td><td><a href="#m1"><b>tearDown</b>  </a></td><td class="numi">1</td><td>1568623192207</td><td class="numi">0</td></tr>
<tr class="failedeven"><td rowspan="1">com.crm.qa.testcases.HomePageTestcases</td><td><a href="#m2"><b>tearDown</b>  </a></td><td class="numi">1</td><td>1568623134348</td><td class="numi">0</td></tr>
<tr class="failedodd"><td rowspan="1">com.crm.qa.testcases.BootStrapDatePickerPageTestCases</td><td><a href="#m3"><b>tearDown</b>  </a></td><td class="numi">1</td><td>1568623247290</td><td class="numi">0</td></tr>
<tr class="failedeven"><td rowspan="1">com.crm.qa.testcases.SimpleFormDemoPageTestCases</td><td><a href="#m4"><b>tearDown</b>  </a></td><td class="numi">1</td><td>1568623192207</td><td class="numi">0</td></tr>
<tr class="failedodd"><td rowspan="2">com.crm.qa.testcases.BootStrapDatePickerPageTestCases</td><td><a href="#m5"><b>tearDown</b>  </a></td><td class="numi">1</td><td>1568623247290</td><td class="numi">0</td></tr><tr class="failedodd"><td><a href="#m6"><b>tearDown</b>  </a></td><td class="numi">1</td><td>1568623247290</td><td class="numi">0</td></tr>
<tr><th colspan="4">Test &#8212; failed</th></tr>
<tr class="failedodd"><td rowspan="1">com.crm.qa.testcases.HomePageTestcases</td><td><a href="#m7"><b>VerifySelectDropdownListLink</b>  </a></td><td class="numi">1</td><td>1568623118341</td><td class="numi">16007</td></tr>
<tr class="failedeven"><td rowspan="2">com.crm.qa.testcases.SimpleFormDemoPageTestCases</td><td><a href="#m8"><b>VerifySingleInputField</b>  </a></td><td class="numi">1</td><td>1568623120029</td><td class="numi">4300</td></tr><tr class="failedeven"><td><a href="#m9"><b>VerifyTwoInputField</b>  </a></td><td class="numi">1</td><td>1568623168437</td><td class="numi">23770</td></tr>
<tr class="failedodd"><td rowspan="3">com.crm.qa.testcases.BootStrapDatePickerPageTestCases</td><td><a href="#m10"><b>VerifyBootstrapFromAndTo</b>  </a></td><td class="numi">1</td><td>1568623168675</td><td class="numi">13445</td></tr><tr class="failedodd"><td><a href="#m11"><b>VerifyBootstrapPage</b>  </a></td><td class="numi">1</td><td>1568623226988</td><td class="numi">20302</td></tr><tr class="failedodd"><td><a href="#m12"><b>VerifyCurrentDate</b>  </a></td><td class="numi">1</td><td>1568623227751</td><td class="numi">13663</td></tr>
<tr class="failedeven"><td rowspan="1">com.crm.util.TestUtil</td><td><a href="#m13"><b>clickScreenshots</b>  </a></td><td class="numi">1</td><td>1568623247343</td><td class="numi">0</td></tr>
</table>
<h1>Test</h1>
<h2 id="m1">com.crm.qa.testcases.HomePageTestcases:tearDown</h2>
<table cellspacing="0" cellpadding="0" class="result">
<tr class="param"><th>Parameter #1</th></tr>
<tr class="param stripe"><td>[TestResult name=VerifySelectDropdownListLink status=FAILURE method=HomePageTestcases.VerifySelectDropdownListLink()[pri:0, instance:com.crm.qa.testcases.HomePageTestcases@548e7350] output={null}]</td>
</tr>
<tr><td style="padding-left:3em" colspan="1">
<p>Tried to run command without establishing a connection
Build info: version: &apos;3.141.59&apos;, revision: &apos;e82be7d358&apos;, time: &apos;2018-11-14T08:17:03&apos;
System info: host: &apos;HIBACL44401&apos;, ip: &apos;10.91.112.58&apos;, os.name: &apos;Windows 10&apos;, os.arch: &apos;amd64&apos;, os.version: &apos;10.0&apos;, java.version: &apos;1.8.0_76-ea&apos;
Driver info: org.openqa.selenium.firefox.FirefoxDriver
Capabilities {acceptInsecureCerts: true, browserName: firefox, browserVersion: 69.0, javascriptEnabled: true, moz:accessibilityChecks: false, moz:buildID: 20190827005903, moz:geckodriverVersion: 0.24.0, moz:headless: false, moz:processID: 2296, moz:profile: C:\Users\inmanagall\AppData..., moz:shutdownTimeout: 60000, moz:useNonSpecCompliantPointerOrigin: false, moz:webdriverClick: true, pageLoadStrategy: normal, platform: WINDOWS, platformName: WINDOWS, platformVersion: 10.0, rotatable: false, setWindowRect: true, strictFileInteractability: false, timeouts: {implicit: 0, pageLoad: 300000, script: 30000}, unhandledPromptBehavior: dismiss and notify}
Session ID: f4680a75-6550-4e46-9ac8-ca4fadabd31d</p>
sun.reflect.NativeConstructorAccessorImpl.newInstance0(Native Method)
<br/>at sun.reflect.NativeConstructorAccessorImpl.newInstance(NativeConstructorAccessorImpl.java:62)
<br/>at sun.reflect.DelegatingConstructorAccessorImpl.newInstance(DelegatingConstructorAccessorImpl.java:45)
<br/>at java.lang.reflect.Constructor.newInstance(Constructor.java:423)
<br/>at org.openqa.selenium.remote.http.W3CHttpResponseCodec.createException(W3CHttpResponseCodec.java:187)
<br/>at org.openqa.selenium.remote.http.W3CHttpResponseCodec.decode(W3CHttpResponseCodec.java:122)
<br/>at org.openqa.selenium.remote.http.W3CHttpResponseCodec.decode(W3CHttpResponseCodec.java:49)
<br/>at org.openqa.selenium.remote.HttpCommandExecutor.execute(HttpCommandExecutor.java:158)
<br/>at org.openqa.selenium.remote.service.DriverCommandExecutor.execute(DriverCommandExecutor.java:83)
<br/>at org.openqa.selenium.remote.RemoteWebDriver.execute(RemoteWebDriver.java:552)
<br/>at org.openqa.selenium.remote.RemoteWebDriver.execute(RemoteWebDriver.java:609)
<br/>at org.openqa.selenium.remote.RemoteWebDriver.quit(RemoteWebDriver.java:452)
<br/>at sun.reflect.NativeMethodAccessorImpl.invoke0(Native Method)
<br/>at sun.reflect.NativeMethodAccessorImpl.invoke(NativeMethodAccessorImpl.java:62)
<br/>at sun.reflect.DelegatingMethodAccessorImpl.invoke(DelegatingMethodAccessorImpl.java:43)
<br/>at java.lang.reflect.Method.invoke(Method.java:498)
<br/>at org.openqa.selenium.support.events.EventFiringWebDriver.lambda$new$1(EventFiringWebDriver.java:105)
<br/>at com.sun.proxy.$Proxy5.quit(Unknown Source)
<br/>at org.openqa.selenium.support.events.EventFiringWebDriver.quit(EventFiringWebDriver.java:211)
<br/>at com.crm.qa.testcases.HomePageTestcases.tearDown(HomePageTestcases.java:154)
<br/>16 lines not shown
</td></tr>
</table>
<p class="totop"><a href="#summary">back to summary</a></p>
<h2 id="m2">com.crm.qa.testcases.SimpleFormDemoPageTestCases:tearDown</h2>
<table cellspacing="0" cellpadding="0" class="result">
<tr class="param"><th>Parameter #1</th></tr>
<tr class="param stripe"><td>[TestResult name=VerifyTwoInputField status=FAILURE method=SimpleFormDemoPageTestCases.VerifyTwoInputField()[pri:0, instance:com.crm.qa.testcases.SimpleFormDemoPageTestCases@1a968a59] output={null}]</td>
</tr>
<tr><td style="padding-left:3em" colspan="1">
<p>Tried to run command without establishing a connection
Build info: version: &apos;3.141.59&apos;, revision: &apos;e82be7d358&apos;, time: &apos;2018-11-14T08:17:03&apos;
System info: host: &apos;HIBACL44401&apos;, ip: &apos;10.91.112.58&apos;, os.name: &apos;Windows 10&apos;, os.arch: &apos;amd64&apos;, os.version: &apos;10.0&apos;, java.version: &apos;1.8.0_76-ea&apos;
Driver info: org.openqa.selenium.firefox.FirefoxDriver
Capabilities {acceptInsecureCerts: true, browserName: firefox, browserVersion: 69.0, javascriptEnabled: true, moz:accessibilityChecks: false, moz:buildID: 20190827005903, moz:geckodriverVersion: 0.24.0, moz:headless: false, moz:processID: 16264, moz:profile: C:\Users\inmanagall\AppData..., moz:shutdownTimeout: 60000, moz:useNonSpecCompliantPointerOrigin: false, moz:webdriverClick: true, pageLoadStrategy: normal, platform: WINDOWS, platformName: WINDOWS, platformVersion: 10.0, rotatable: false, setWindowRect: true, strictFileInteractability: false, timeouts: {implicit: 0, pageLoad: 300000, script: 30000}, unhandledPromptBehavior: dismiss and notify}
Session ID: 5e280c88-1c83-4706-a557-13763b354b26</p>
sun.reflect.NativeConstructorAccessorImpl.newInstance0(Native Method)
<br/>at sun.reflect.NativeConstructorAccessorImpl.newInstance(NativeConstructorAccessorImpl.java:62)
<br/>at sun.reflect.DelegatingConstructorAccessorImpl.newInstance(DelegatingConstructorAccessorImpl.java:45)
<br/>at java.lang.reflect.Constructor.newInstance(Constructor.java:423)
<br/>at org.openqa.selenium.remote.http.W3CHttpResponseCodec.createException(W3CHttpResponseCodec.java:187)
<br/>at org.openqa.selenium.remote.http.W3CHttpResponseCodec.decode(W3CHttpResponseCodec.java:122)
<br/>at org.openqa.selenium.remote.http.W3CHttpResponseCodec.decode(W3CHttpResponseCodec.java:49)
<br/>at org.openqa.selenium.remote.HttpCommandExecutor.execute(HttpCommandExecutor.java:158)
<br/>at org.openqa.selenium.remote.service.DriverCommandExecutor.execute(DriverCommandExecutor.java:83)
<br/>at org.openqa.selenium.remote.RemoteWebDriver.execute(RemoteWebDriver.java:552)
<br/>at org.openqa.selenium.remote.RemoteWebDriver.execute(RemoteWebDriver.java:609)
<br/>at org.openqa.selenium.remote.RemoteWebDriver.quit(RemoteWebDriver.java:452)
<br/>at sun.reflect.NativeMethodAccessorImpl.invoke0(Native Method)
<br/>at sun.reflect.NativeMethodAccessorImpl.invoke(NativeMethodAccessorImpl.java:62)
<br/>at sun.reflect.DelegatingMethodAccessorImpl.invoke(DelegatingMethodAccessorImpl.java:43)
<br/>at java.lang.reflect.Method.invoke(Method.java:498)
<br/>at org.openqa.selenium.support.events.EventFiringWebDriver.lambda$new$1(EventFiringWebDriver.java:105)
<br/>at com.sun.proxy.$Proxy5.quit(Unknown Source)
<br/>at org.openqa.selenium.support.events.EventFiringWebDriver.quit(EventFiringWebDriver.java:211)
<br/>at com.crm.qa.testcases.SimpleFormDemoPageTestCases.tearDown(SimpleFormDemoPageTestCases.java:104)
<br/>16 lines not shown
</td></tr>
</table>
<p class="totop"><a href="#summary">back to summary</a></p>
<h2 id="m3">com.crm.qa.testcases.BootStrapDatePickerPageTestCases:tearDown</h2>
<table cellspacing="0" cellpadding="0" class="result">
<tr class="param"><th>Parameter #1</th></tr>
<tr class="param stripe"><td>[TestResult name=VerifyBootstrapPage status=FAILURE method=BootStrapDatePickerPageTestCases.VerifyBootstrapPage()[pri:0, instance:com.crm.qa.testcases.BootStrapDatePickerPageTestCases@604ed9f0] output={null}]</td>
</tr>
<tr><td style="padding-left:3em" colspan="1">
<p>java.net.ConnectException: Failed to connect to localhost/0:0:0:0:0:0:0:1:43165
Build info: version: &apos;3.141.59&apos;, revision: &apos;e82be7d358&apos;, time: &apos;2018-11-14T08:17:03&apos;
System info: host: &apos;HIBACL44401&apos;, ip: &apos;10.91.112.58&apos;, os.name: &apos;Windows 10&apos;, os.arch: &apos;amd64&apos;, os.version: &apos;10.0&apos;, java.version: &apos;1.8.0_76-ea&apos;
Driver info: driver.version: EventFiringWebDriver</p>
org.openqa.selenium.remote.service.DriverCommandExecutor.execute(DriverCommandExecutor.java:92)
<br/>at org.openqa.selenium.remote.RemoteWebDriver.execute(RemoteWebDriver.java:552)
<br/>at org.openqa.selenium.remote.RemoteWebDriver.execute(RemoteWebDriver.java:609)
<br/>at org.openqa.selenium.remote.RemoteWebDriver.getScreenshotAs(RemoteWebDriver.java:295)
<br/>at sun.reflect.NativeMethodAccessorImpl.invoke0(Native Method)
<br/>at sun.reflect.NativeMethodAccessorImpl.invoke(NativeMethodAccessorImpl.java:62)
<br/>at sun.reflect.DelegatingMethodAccessorImpl.invoke(DelegatingMethodAccessorImpl.java:43)
<br/>at java.lang.reflect.Method.invoke(Method.java:498)
<br/>at org.openqa.selenium.support.events.EventFiringWebDriver.lambda$new$1(EventFiringWebDriver.java:105)
<br/>at com.sun.proxy.$Proxy5.getScreenshotAs(Unknown Source)
<br/>at org.openqa.selenium.support.events.EventFiringWebDriver.getScreenshotAs(EventFiringWebDriver.java:302)
<br/>at com.crm.qa.testcases.BootStrapDatePickerPageTestCases.tearDown(BootStrapDatePickerPageTestCases.java:113)
<br/>16 lines not shown
<p>Caused by Failed to connect to localhost/0:0:0:0:0:0:0:1:43165</p>
okhttp3.internal.connection.RealConnection.connectSocket(RealConnection.java:247)
<br/>at okhttp3.internal.connection.RealConnection.connect(RealConnection.java:165)
<br/>at okhttp3.internal.connection.StreamAllocation.findConnection(StreamAllocation.java:257)
<br/>at okhttp3.internal.connection.StreamAllocation.findHealthyConnection(StreamAllocation.java:135)
<br/>at okhttp3.internal.connection.StreamAllocation.newStream(StreamAllocation.java:114)
<br/>at okhttp3.internal.connection.ConnectInterceptor.intercept(ConnectInterceptor.java:42)
<br/>at okhttp3.internal.http.RealInterceptorChain.proceed(RealInterceptorChain.java:147)
<br/>at okhttp3.internal.http.RealInterceptorChain.proceed(RealInterceptorChain.java:121)
<br/>at okhttp3.internal.cache.CacheInterceptor.intercept(CacheInterceptor.java:93)
<br/>at okhttp3.internal.http.RealInterceptorChain.proceed(RealInterceptorChain.java:147)
<br/>at okhttp3.internal.http.RealInterceptorChain.proceed(RealInterceptorChain.java:121)
<br/>at okhttp3.internal.http.BridgeInterceptor.intercept(BridgeInterceptor.java:93)
<br/>at okhttp3.internal.http.RealInterceptorChain.proceed(RealInterceptorChain.java:147)
<br/>at okhttp3.internal.http.RetryAndFollowUpInterceptor.intercept(RetryAndFollowUpInterceptor.java:126)
<br/>at okhttp3.internal.http.RealInterceptorChain.proceed(RealInterceptorChain.java:147)
<br/>at okhttp3.internal.http.RealInterceptorChain.proceed(RealInterceptorChain.java:121)
<br/>at okhttp3.RealCall.getResponseWithInterceptorChain(RealCall.java:200)
<br/>at okhttp3.RealCall.execute(RealCall.java:77)
<br/>at org.openqa.selenium.remote.internal.OkHttpClient.execute(OkHttpClient.java:103)
<br/>at org.openqa.selenium.remote.HttpCommandExecutor.execute(HttpCommandExecutor.java:155)
<br/>at org.openqa.selenium.remote.service.DriverCommandExecutor.execute(DriverCommandExecutor.java:83)
<br/>at org.openqa.selenium.remote.RemoteWebDriver.execute(RemoteWebDriver.java:552)
<br/>at org.openqa.selenium.remote.RemoteWebDriver.execute(RemoteWebDriver.java:609)
<br/>at org.openqa.selenium.remote.RemoteWebDriver.getScreenshotAs(RemoteWebDriver.java:295)
<br/>at sun.reflect.NativeMethodAccessorImpl.invoke0(Native Method)
<br/>at sun.reflect.NativeMethodAccessorImpl.invoke(NativeMethodAccessorImpl.java:62)
<br/>at sun.reflect.DelegatingMethodAccessorImpl.invoke(DelegatingMethodAccessorImpl.java:43)
<br/>at java.lang.reflect.Method.invoke(Method.java:498)
<br/>at org.openqa.selenium.support.events.EventFiringWebDriver.lambda$new$1(EventFiringWebDriver.java:105)
<br/>at com.sun.proxy.$Proxy5.getScreenshotAs(Unknown Source)
<br/>at org.openqa.selenium.support.events.EventFiringWebDriver.getScreenshotAs(EventFiringWebDriver.java:302)
<br/>at com.crm.qa.testcases.BootStrapDatePickerPageTestCases.tearDown(BootStrapDatePickerPageTestCases.java:113)
<br/>16 lines not shown
<p>Caused by Connection refused: connect</p>
java.net.DualStackPlainSocketImpl.waitForConnect(Native Method)
<br/>at java.net.DualStackPlainSocketImpl.socketConnect(DualStackPlainSocketImpl.java:85)
<br/>at java.net.AbstractPlainSocketImpl.doConnect(AbstractPlainSocketImpl.java:350)
<br/>at java.net.AbstractPlainSocketImpl.connectToAddress(AbstractPlainSocketImpl.java:206)
<br/>at java.net.AbstractPlainSocketImpl.connect(AbstractPlainSocketImpl.java:188)
<br/>at java.net.PlainSocketImpl.connect(PlainSocketImpl.java:172)
<br/>at java.net.SocksSocketImpl.connect(SocksSocketImpl.java:392)
<br/>at java.net.Socket.connect(Socket.java:589)
<br/>at okhttp3.internal.platform.Platform.connectSocket(Platform.java:129)
<br/>at okhttp3.internal.connection.RealConnection.connectSocket(RealConnection.java:245)
<br/>at okhttp3.internal.connection.RealConnection.connect(RealConnection.java:165)
<br/>at okhttp3.internal.connection.StreamAllocation.findConnection(StreamAllocation.java:257)
<br/>at okhttp3.internal.connection.StreamAllocation.findHealthyConnection(StreamAllocation.java:135)
<br/>at okhttp3.internal.connection.StreamAllocation.newStream(StreamAllocation.java:114)
<br/>at okhttp3.internal.connection.ConnectInterceptor.intercept(ConnectInterceptor.java:42)
<br/>at okhttp3.internal.http.RealInterceptorChain.proceed(RealInterceptorChain.java:147)
<br/>at okhttp3.internal.http.RealInterceptorChain.proceed(RealInterceptorChain.java:121)
<br/>at okhttp3.internal.cache.CacheInterceptor.intercept(CacheInterceptor.java:93)
<br/>at okhttp3.internal.http.RealInterceptorChain.proceed(RealInterceptorChain.java:147)
<br/>at okhttp3.internal.http.RealInterceptorChain.proceed(RealInterceptorChain.java:121)
<br/>at okhttp3.internal.http.BridgeInterceptor.intercept(BridgeInterceptor.java:93)
<br/>at okhttp3.internal.http.RealInterceptorChain.proceed(RealInterceptorChain.java:147)
<br/>at okhttp3.internal.http.RetryAndFollowUpInterceptor.intercept(RetryAndFollowUpInterceptor.java:126)
<br/>at okhttp3.internal.http.RealInterceptorChain.proceed(RealInterceptorChain.java:147)
<br/>at okhttp3.internal.http.RealInterceptorChain.proceed(RealInterceptorChain.java:121)
<br/>at okhttp3.RealCall.getResponseWithInterceptorChain(RealCall.java:200)
<br/>at okhttp3.RealCall.execute(RealCall.java:77)
<br/>at org.openqa.selenium.remote.internal.OkHttpClient.execute(OkHttpClient.java:103)
<br/>at org.openqa.selenium.remote.HttpCommandExecutor.execute(HttpCommandExecutor.java:155)
<br/>at org.openqa.selenium.remote.service.DriverCommandExecutor.execute(DriverCommandExecutor.java:83)
<br/>at org.openqa.selenium.remote.RemoteWebDriver.execute(RemoteWebDriver.java:552)
<br/>at org.openqa.selenium.remote.RemoteWebDriver.execute(RemoteWebDriver.java:609)
<br/>at org.openqa.selenium.remote.RemoteWebDriver.getScreenshotAs(RemoteWebDriver.java:295)
<br/>at sun.reflect.NativeMethodAccessorImpl.invoke0(Native Method)
<br/>at sun.reflect.NativeMethodAccessorImpl.invoke(NativeMethodAccessorImpl.java:62)
<br/>at sun.reflect.DelegatingMethodAccessorImpl.invoke(DelegatingMethodAccessorImpl.java:43)
<br/>at java.lang.reflect.Method.invoke(Method.java:498)
<br/>at org.openqa.selenium.support.events.EventFiringWebDriver.lambda$new$1(EventFiringWebDriver.java:105)
<br/>at com.sun.proxy.$Proxy5.getScreenshotAs(Unknown Source)
<br/>at org.openqa.selenium.support.events.EventFiringWebDriver.getScreenshotAs(EventFiringWebDriver.java:302)
<br/>at com.crm.qa.testcases.BootStrapDatePickerPageTestCases.tearDown(BootStrapDatePickerPageTestCases.java:113)
<br/>16 lines not shown
</td></tr>
</table>
<p class="totop"><a href="#summary">back to summary</a></p>
<h2 id="m4">com.crm.qa.testcases.BootStrapDatePickerPageTestCases:VerifyBootstrapFromAndTo</h2>
<div style="padding-left:3em">
<p>Unable to locate element: Demo Website!
For documentation on this error, please visit: https://www.seleniumhq.org/exceptions/no_such_element.html
Build info: version: &apos;3.141.59&apos;, revision: &apos;e82be7d358&apos;, time: &apos;2018-11-14T08:17:03&apos;
System info: host: &apos;HIBACL44401&apos;, ip: &apos;10.91.112.58&apos;, os.name: &apos;Windows 10&apos;, os.arch: &apos;amd64&apos;, os.version: &apos;10.0&apos;, java.version: &apos;1.8.0_76-ea&apos;
Driver info: org.openqa.selenium.firefox.FirefoxDriver
Capabilities {acceptInsecureCerts: true, browserName: firefox, browserVersion: 69.0, javascriptEnabled: true, moz:accessibilityChecks: false, moz:buildID: 20190827005903, moz:geckodriverVersion: 0.24.0, moz:headless: false, moz:processID: 16264, moz:profile: C:\Users\inmanagall\AppData..., moz:shutdownTimeout: 60000, moz:useNonSpecCompliantPointerOrigin: false, moz:webdriverClick: true, pageLoadStrategy: normal, platform: WINDOWS, platformName: WINDOWS, platformVersion: 10.0, rotatable: false, setWindowRect: true, strictFileInteractability: false, timeouts: {implicit: 0, pageLoad: 300000, script: 30000}, unhandledPromptBehavior: dismiss and notify}
Session ID: 5e280c88-1c83-4706-a557-13763b354b26
*** Element info: {Using=link text, value=Demo Website!}</p>
sun.reflect.NativeConstructorAccessorImpl.newInstance0(Native Method)
<br/>at sun.reflect.NativeConstructorAccessorImpl.newInstance(NativeConstructorAccessorImpl.java:62)
<br/>at sun.reflect.DelegatingConstructorAccessorImpl.newInstance(DelegatingConstructorAccessorImpl.java:45)
<br/>at java.lang.reflect.Constructor.newInstance(Constructor.java:423)
<br/>at org.openqa.selenium.remote.http.W3CHttpResponseCodec.createException(W3CHttpResponseCodec.java:187)
<br/>at org.openqa.selenium.remote.http.W3CHttpResponseCodec.decode(W3CHttpResponseCodec.java:122)
<br/>at org.openqa.selenium.remote.http.W3CHttpResponseCodec.decode(W3CHttpResponseCodec.java:49)
<br/>at org.openqa.selenium.remote.HttpCommandExecutor.execute(HttpCommandExecutor.java:158)
<br/>at org.openqa.selenium.remote.service.DriverCommandExecutor.execute(DriverCommandExecutor.java:83)
<br/>at org.openqa.selenium.remote.RemoteWebDriver.execute(RemoteWebDriver.java:552)
<br/>at org.openqa.selenium.remote.RemoteWebDriver.findElement(RemoteWebDriver.java:323)
<br/>at org.openqa.selenium.remote.RemoteWebDriver.findElementByLinkText(RemoteWebDriver.java:380)
<br/>at org.openqa.selenium.By$ByLinkText.findElement(By.java:220)
<br/>at org.openqa.selenium.remote.RemoteWebDriver.findElement(RemoteWebDriver.java:315)
<br/>at sun.reflect.NativeMethodAccessorImpl.invoke0(Native Method)
<br/>at sun.reflect.NativeMethodAccessorImpl.invoke(NativeMethodAccessorImpl.java:62)
<br/>at sun.reflect.DelegatingMethodAccessorImpl.invoke(DelegatingMethodAccessorImpl.java:43)
<br/>at java.lang.reflect.Method.invoke(Method.java:498)
<br/>at org.openqa.selenium.support.events.EventFiringWebDriver.lambda$new$1(EventFiringWebDriver.java:105)
<br/>at com.sun.proxy.$Proxy5.findElement(Unknown Source)
<br/>at org.openqa.selenium.support.events.EventFiringWebDriver.findElement(EventFiringWebDriver.java:194)
<br/>at org.openqa.selenium.support.pagefactory.DefaultElementLocator.findElement(DefaultElementLocator.java:69)
<br/>at org.openqa.selenium.support.pagefactory.internal.LocatingElementHandler.invoke(LocatingElementHandler.java:38)
<br/>at com.sun.proxy.$Proxy10.click(Unknown Source)
<br/>at com.crm.pages.HomePage.DemoLink(HomePage.java:57)
<br/>at com.crm.qa.testcases.BootStrapDatePickerPageTestCases.VerifyBootstrapFromAndTo(BootStrapDatePickerPageTestCases.java:90)
<br/>14 lines not shown
</div>
<p class="totop"><a href="#summary">back to summary</a></p>
<h2 id="m5">com.crm.qa.testcases.BootStrapDatePickerPageTestCases:VerifyCurrentDate</h2>
<div style="padding-left:3em">
<p>Unable to locate element: Demo Website!
For documentation on this error, please visit: https://www.seleniumhq.org/exceptions/no_such_element.html
Build info: version: &apos;3.141.59&apos;, revision: &apos;e82be7d358&apos;, time: &apos;2018-11-14T08:17:03&apos;
System info: host: &apos;HIBACL44401&apos;, ip: &apos;10.91.112.58&apos;, os.name: &apos;Windows 10&apos;, os.arch: &apos;amd64&apos;, os.version: &apos;10.0&apos;, java.version: &apos;1.8.0_76-ea&apos;
Driver info: org.openqa.selenium.firefox.FirefoxDriver
Capabilities {acceptInsecureCerts: true, browserName: firefox, browserVersion: 69.0, javascriptEnabled: true, moz:accessibilityChecks: false, moz:buildID: 20190827005903, moz:geckodriverVersion: 0.24.0, moz:headless: false, moz:processID: 2584, moz:profile: C:\Users\inmanagall\AppData..., moz:shutdownTimeout: 60000, moz:useNonSpecCompliantPointerOrigin: false, moz:webdriverClick: true, pageLoadStrategy: normal, platform: WINDOWS, platformName: WINDOWS, platformVersion: 10.0, rotatable: false, setWindowRect: true, strictFileInteractability: false, timeouts: {implicit: 0, pageLoad: 300000, script: 30000}, unhandledPromptBehavior: dismiss and notify}
Session ID: fb8bb2bd-904c-4088-8337-82d7b4542f75
*** Element info: {Using=link text, value=Demo Website!}</p>
sun.reflect.NativeConstructorAccessorImpl.newInstance0(Native Method)
<br/>at sun.reflect.NativeConstructorAccessorImpl.newInstance(NativeConstructorAccessorImpl.java:62)
<br/>at sun.reflect.DelegatingConstructorAccessorImpl.newInstance(DelegatingConstructorAccessorImpl.java:45)
<br/>at java.lang.reflect.Constructor.newInstance(Constructor.java:423)
<br/>at org.openqa.selenium.remote.http.W3CHttpResponseCodec.createException(W3CHttpResponseCodec.java:187)
<br/>at org.openqa.selenium.remote.http.W3CHttpResponseCodec.decode(W3CHttpResponseCodec.java:122)
<br/>at org.openqa.selenium.remote.http.W3CHttpResponseCodec.decode(W3CHttpResponseCodec.java:49)
<br/>at org.openqa.selenium.remote.HttpCommandExecutor.execute(HttpCommandExecutor.java:158)
<br/>at org.openqa.selenium.remote.service.DriverCommandExecutor.execute(DriverCommandExecutor.java:83)
<br/>at org.openqa.selenium.remote.RemoteWebDriver.execute(RemoteWebDriver.java:552)
<br/>at org.openqa.selenium.remote.RemoteWebDriver.findElement(RemoteWebDriver.java:323)
<br/>at org.openqa.selenium.remote.RemoteWebDriver.findElementByLinkText(RemoteWebDriver.java:380)
<br/>at org.openqa.selenium.By$ByLinkText.findElement(By.java:220)
<br/>at org.openqa.selenium.remote.RemoteWebDriver.findElement(RemoteWebDriver.java:315)
<br/>at sun.reflect.NativeMethodAccessorImpl.invoke0(Native Method)
<br/>at sun.reflect.NativeMethodAccessorImpl.invoke(NativeMethodAccessorImpl.java:62)
<br/>at sun.reflect.DelegatingMethodAccessorImpl.invoke(DelegatingMethodAccessorImpl.java:43)
<br/>at java.lang.reflect.Method.invoke(Method.java:498)
<br/>at org.openqa.selenium.support.events.EventFiringWebDriver.lambda$new$1(EventFiringWebDriver.java:105)
<br/>at com.sun.proxy.$Proxy5.findElement(Unknown Source)
<br/>at org.openqa.selenium.support.events.EventFiringWebDriver.findElement(EventFiringWebDriver.java:194)
<br/>at org.openqa.selenium.support.pagefactory.DefaultElementLocator.findElement(DefaultElementLocator.java:69)
<br/>at org.openqa.selenium.support.pagefactory.internal.LocatingElementHandler.invoke(LocatingElementHandler.java:38)
<br/>at com.sun.proxy.$Proxy10.click(Unknown Source)
<br/>at com.crm.pages.HomePage.DemoLink(HomePage.java:57)
<br/>at com.crm.qa.testcases.BootStrapDatePickerPageTestCases.VerifyCurrentDate(BootStrapDatePickerPageTestCases.java:77)
<br/>14 lines not shown
</div>
<p class="totop"><a href="#summary">back to summary</a></p>
<h2 id="m6">com.crm.qa.testcases.BootStrapDatePickerPageTestCases:VerifyBootstrapPage</h2>
<div style="padding-left:3em">
<p>java.lang.reflect.InvocationTargetException
Build info: version: &apos;3.141.59&apos;, revision: &apos;e82be7d358&apos;, time: &apos;2018-11-14T08:17:03&apos;
System info: host: &apos;HIBACL44401&apos;, ip: &apos;10.91.112.58&apos;, os.name: &apos;Windows 10&apos;, os.arch: &apos;amd64&apos;, os.version: &apos;10.0&apos;, java.version: &apos;1.8.0_76-ea&apos;
Driver info: driver.version: EventFiringWebDriver</p>
org.openqa.selenium.json.JsonOutput.convertUsingMethod(JsonOutput.java:332)
<br/>at org.openqa.selenium.json.JsonOutput.lambda$new$16(JsonOutput.java:155)
<br/>at org.openqa.selenium.json.JsonOutput.write(JsonOutput.java:264)
<br/>at org.openqa.selenium.json.JsonOutput.lambda$null$21(JsonOutput.java:168)
<br/>at java.util.LinkedHashMap$LinkedValues.forEach(LinkedHashMap.java:608)
<br/>at org.openqa.selenium.json.JsonOutput.lambda$new$22(JsonOutput.java:168)
<br/>at org.openqa.selenium.json.JsonOutput.write(JsonOutput.java:264)
<br/>at org.openqa.selenium.json.JsonOutput.lambda$null$23(JsonOutput.java:177)
<br/>at com.google.common.collect.SingletonImmutableBiMap.forEach(SingletonImmutableBiMap.java:65)
<br/>at org.openqa.selenium.json.JsonOutput.lambda$new$24(JsonOutput.java:176)
<br/>at org.openqa.selenium.json.JsonOutput.write(JsonOutput.java:264)
<br/>at org.openqa.selenium.json.JsonOutput.write(JsonOutput.java:255)
<br/>at org.openqa.selenium.json.Json.toJson(Json.java:42)
<br/>at org.openqa.selenium.remote.http.AbstractHttpCommandCodec.encode(AbstractHttpCommandCodec.java:227)
<br/>at org.openqa.selenium.remote.http.AbstractHttpCommandCodec.encode(AbstractHttpCommandCodec.java:117)
<br/>at org.openqa.selenium.remote.HttpCommandExecutor.execute(HttpCommandExecutor.java:152)
<br/>at org.openqa.selenium.remote.service.DriverCommandExecutor.execute(DriverCommandExecutor.java:83)
<br/>at org.openqa.selenium.remote.RemoteWebDriver.execute(RemoteWebDriver.java:552)
<br/>at org.openqa.selenium.remote.RemoteWebDriver.perform(RemoteWebDriver.java:618)
<br/>at sun.reflect.NativeMethodAccessorImpl.invoke0(Native Method)
<br/>at sun.reflect.NativeMethodAccessorImpl.invoke(NativeMethodAccessorImpl.java:62)
<br/>at sun.reflect.DelegatingMethodAccessorImpl.invoke(DelegatingMethodAccessorImpl.java:43)
<br/>at java.lang.reflect.Method.invoke(Method.java:498)
<br/>at org.openqa.selenium.support.events.EventFiringWebDriver.lambda$new$1(EventFiringWebDriver.java:105)
<br/>at com.sun.proxy.$Proxy5.perform(Unknown Source)
<br/>at org.openqa.selenium.support.events.EventFiringWebDriver.perform(EventFiringWebDriver.java:360)
<br/>at org.openqa.selenium.interactions.Actions$BuiltAction.perform(Actions.java:639)
<br/>at org.openqa.selenium.interactions.Actions.perform(Actions.java:595)
<br/>at com.crm.pages.HomePage.VerifyBootstrapDatemenu(HomePage.java:97)
<br/>at com.crm.qa.testcases.BootStrapDatePickerPageTestCases.VerifyBootstrapPage(BootStrapDatePickerPageTestCases.java:64)
<br/>14 lines not shown
<p>Caused by null</p>
sun.reflect.NativeMethodAccessorImpl.invoke0(Native Method)
<br/>at sun.reflect.NativeMethodAccessorImpl.invoke(NativeMethodAccessorImpl.java:62)
<br/>at sun.reflect.DelegatingMethodAccessorImpl.invoke(DelegatingMethodAccessorImpl.java:43)
<br/>at java.lang.reflect.Method.invoke(Method.java:498)
<br/>at org.openqa.selenium.json.JsonOutput.convertUsingMethod(JsonOutput.java:328)
<br/>at org.openqa.selenium.json.JsonOutput.lambda$new$16(JsonOutput.java:155)
<br/>at org.openqa.selenium.json.JsonOutput.write(JsonOutput.java:264)
<br/>at org.openqa.selenium.json.JsonOutput.lambda$null$21(JsonOutput.java:168)
<br/>at java.util.LinkedHashMap$LinkedValues.forEach(LinkedHashMap.java:608)
<br/>at org.openqa.selenium.json.JsonOutput.lambda$new$22(JsonOutput.java:168)
<br/>at org.openqa.selenium.json.JsonOutput.write(JsonOutput.java:264)
<br/>at org.openqa.selenium.json.JsonOutput.lambda$null$23(JsonOutput.java:177)
<br/>at com.google.common.collect.SingletonImmutableBiMap.forEach(SingletonImmutableBiMap.java:65)
<br/>at org.openqa.selenium.json.JsonOutput.lambda$new$24(JsonOutput.java:176)
<br/>at org.openqa.selenium.json.JsonOutput.write(JsonOutput.java:264)
<br/>at org.openqa.selenium.json.JsonOutput.write(JsonOutput.java:255)
<br/>at org.openqa.selenium.json.Json.toJson(Json.java:42)
<br/>at org.openqa.selenium.remote.http.AbstractHttpCommandCodec.encode(AbstractHttpCommandCodec.java:227)
<br/>at org.openqa.selenium.remote.http.AbstractHttpCommandCodec.encode(AbstractHttpCommandCodec.java:117)
<br/>at org.openqa.selenium.remote.HttpCommandExecutor.execute(HttpCommandExecutor.java:152)
<br/>at org.openqa.selenium.remote.service.DriverCommandExecutor.execute(DriverCommandExecutor.java:83)
<br/>at org.openqa.selenium.remote.RemoteWebDriver.execute(RemoteWebDriver.java:552)
<br/>at org.openqa.selenium.remote.RemoteWebDriver.perform(RemoteWebDriver.java:618)
<br/>at sun.reflect.NativeMethodAccessorImpl.invoke0(Native Method)
<br/>at sun.reflect.NativeMethodAccessorImpl.invoke(NativeMethodAccessorImpl.java:62)
<br/>at sun.reflect.DelegatingMethodAccessorImpl.invoke(DelegatingMethodAccessorImpl.java:43)
<br/>at java.lang.reflect.Method.invoke(Method.java:498)
<br/>at org.openqa.selenium.support.events.EventFiringWebDriver.lambda$new$1(EventFiringWebDriver.java:105)
<br/>at com.sun.proxy.$Proxy5.perform(Unknown Source)
<br/>at org.openqa.selenium.support.events.EventFiringWebDriver.perform(EventFiringWebDriver.java:360)
<br/>at org.openqa.selenium.interactions.Actions$BuiltAction.perform(Actions.java:639)
<br/>at org.openqa.selenium.interactions.Actions.perform(Actions.java:595)
<br/>at com.crm.pages.HomePage.VerifyBootstrapDatemenu(HomePage.java:97)
<br/>at com.crm.qa.testcases.BootStrapDatePickerPageTestCases.VerifyBootstrapPage(BootStrapDatePickerPageTestCases.java:64)
<br/>14 lines not shown
<p>Caused by Tried to run command without establishing a connection
Build info: version: &apos;3.141.59&apos;, revision: &apos;e82be7d358&apos;, time: &apos;2018-11-14T08:17:03&apos;
System info: host: &apos;HIBACL44401&apos;, ip: &apos;10.91.112.58&apos;, os.name: &apos;Windows 10&apos;, os.arch: &apos;amd64&apos;, os.version: &apos;10.0&apos;, java.version: &apos;1.8.0_76-ea&apos;
Driver info: org.openqa.selenium.firefox.FirefoxDriver
Capabilities {acceptInsecureCerts: true, browserName: firefox, browserVersion: 69.0, javascriptEnabled: true, moz:accessibilityChecks: false, moz:buildID: 20190827005903, moz:geckodriverVersion: 0.24.0, moz:headless: false, moz:processID: 2584, moz:profile: C:\Users\inmanagall\AppData..., moz:shutdownTimeout: 60000, moz:useNonSpecCompliantPointerOrigin: false, moz:webdriverClick: true, pageLoadStrategy: normal, platform: WINDOWS, platformName: WINDOWS, platformVersion: 10.0, rotatable: false, setWindowRect: true, strictFileInteractability: false, timeouts: {implicit: 0, pageLoad: 300000, script: 30000}, unhandledPromptBehavior: dismiss and notify}
Session ID: fb8bb2bd-904c-4088-8337-82d7b4542f75
*** Element info: {Using=link text, value=Bootstrap Date Picker}</p>
sun.reflect.NativeConstructorAccessorImpl.newInstance0(Native Method)
<br/>at sun.reflect.NativeConstructorAccessorImpl.newInstance(NativeConstructorAccessorImpl.java:62)
<br/>at sun.reflect.DelegatingConstructorAccessorImpl.newInstance(DelegatingConstructorAccessorImpl.java:45)
<br/>at java.lang.reflect.Constructor.newInstance(Constructor.java:423)
<br/>at org.openqa.selenium.remote.http.W3CHttpResponseCodec.createException(W3CHttpResponseCodec.java:187)
<br/>at org.openqa.selenium.remote.http.W3CHttpResponseCodec.decode(W3CHttpResponseCodec.java:122)
<br/>at org.openqa.selenium.remote.http.W3CHttpResponseCodec.decode(W3CHttpResponseCodec.java:49)
<br/>at org.openqa.selenium.remote.HttpCommandExecutor.execute(HttpCommandExecutor.java:158)
<br/>at org.openqa.selenium.remote.service.DriverCommandExecutor.execute(DriverCommandExecutor.java:83)
<br/>at org.openqa.selenium.remote.RemoteWebDriver.execute(RemoteWebDriver.java:552)
<br/>at org.openqa.selenium.remote.RemoteWebDriver.findElement(RemoteWebDriver.java:323)
<br/>at org.openqa.selenium.remote.RemoteWebDriver.findElementByLinkText(RemoteWebDriver.java:380)
<br/>at org.openqa.selenium.By$ByLinkText.findElement(By.java:220)
<br/>at org.openqa.selenium.remote.RemoteWebDriver.findElement(RemoteWebDriver.java:315)
<br/>at sun.reflect.NativeMethodAccessorImpl.invoke0(Native Method)
<br/>at sun.reflect.NativeMethodAccessorImpl.invoke(NativeMethodAccessorImpl.java:62)
<br/>at sun.reflect.DelegatingMethodAccessorImpl.invoke(DelegatingMethodAccessorImpl.java:43)
<br/>at java.lang.reflect.Method.invoke(Method.java:498)
<br/>at org.openqa.selenium.support.events.EventFiringWebDriver.lambda$new$1(EventFiringWebDriver.java:105)
<br/>at com.sun.proxy.$Proxy5.findElement(Unknown Source)
<br/>at org.openqa.selenium.support.events.EventFiringWebDriver.findElement(EventFiringWebDriver.java:194)
<br/>at org.openqa.selenium.support.pagefactory.DefaultElementLocator.findElement(DefaultElementLocator.java:69)
<br/>at org.openqa.selenium.support.pagefactory.internal.LocatingElementHandler.invoke(LocatingElementHandler.java:38)
<br/>at com.sun.proxy.$Proxy10.getWrappedElement(Unknown Source)
<br/>at org.openqa.selenium.interactions.PointerInput$Origin.asArg(PointerInput.java:204)
<br/>at org.openqa.selenium.interactions.PointerInput$Move.encode(PointerInput.java:155)
<br/>at org.openqa.selenium.interactions.Sequence.encode(Sequence.java:75)
<br/>at org.openqa.selenium.interactions.Sequence.toJson(Sequence.java:84)
<br/>at sun.reflect.NativeMethodAccessorImpl.invoke0(Native Method)
<br/>at sun.reflect.NativeMethodAccessorImpl.invoke(NativeMethodAccessorImpl.java:62)
<br/>at sun.reflect.DelegatingMethodAccessorImpl.invoke(DelegatingMethodAccessorImpl.java:43)
<br/>at java.lang.reflect.Method.invoke(Method.java:498)
<br/>at org.openqa.selenium.json.JsonOutput.convertUsingMethod(JsonOutput.java:328)
<br/>at org.openqa.selenium.json.JsonOutput.lambda$new$16(JsonOutput.java:155)
<br/>at org.openqa.selenium.json.JsonOutput.write(JsonOutput.java:264)
<br/>at org.openqa.selenium.json.JsonOutput.lambda$null$21(JsonOutput.java:168)
<br/>at java.util.LinkedHashMap$LinkedValues.forEach(LinkedHashMap.java:608)
<br/>at org.openqa.selenium.json.JsonOutput.lambda$new$22(JsonOutput.java:168)
<br/>at org.openqa.selenium.json.JsonOutput.write(JsonOutput.java:264)
<br/>at org.openqa.selenium.json.JsonOutput.lambda$null$23(JsonOutput.java:177)
<br/>at com.google.common.collect.SingletonImmutableBiMap.forEach(SingletonImmutableBiMap.java:65)
<br/>at org.openqa.selenium.json.JsonOutput.lambda$new$24(JsonOutput.java:176)
<br/>at org.openqa.selenium.json.JsonOutput.write(JsonOutput.java:264)
<br/>at org.openqa.selenium.json.JsonOutput.write(JsonOutput.java:255)
<br/>at org.openqa.selenium.json.Json.toJson(Json.java:42)
<br/>at org.openqa.selenium.remote.http.AbstractHttpCommandCodec.encode(AbstractHttpCommandCodec.java:227)
<br/>at org.openqa.selenium.remote.http.AbstractHttpCommandCodec.encode(AbstractHttpCommandCodec.java:117)
<br/>at org.openqa.selenium.remote.HttpCommandExecutor.execute(HttpCommandExecutor.java:152)
<br/>at org.openqa.selenium.remote.service.DriverCommandExecutor.execute(DriverCommandExecutor.java:83)
<br/>at org.openqa.selenium.remote.RemoteWebDriver.execute(RemoteWebDriver.java:552)
<br/>at org.openqa.selenium.remote.RemoteWebDriver.perform(RemoteWebDriver.java:618)
<br/>at sun.reflect.NativeMethodAccessorImpl.invoke0(Native Method)
<br/>at sun.reflect.NativeMethodAccessorImpl.invoke(NativeMethodAccessorImpl.java:62)
<br/>at sun.reflect.DelegatingMethodAccessorImpl.invoke(DelegatingMethodAccessorImpl.java:43)
<br/>at java.lang.reflect.Method.invoke(Method.java:498)
<br/>at org.openqa.selenium.support.events.EventFiringWebDriver.lambda$new$1(EventFiringWebDriver.java:105)
<br/>at com.sun.proxy.$Proxy5.perform(Unknown Source)
<br/>at org.openqa.selenium.support.events.EventFiringWebDriver.perform(EventFiringWebDriver.java:360)
<br/>at org.openqa.selenium.interactions.Actions$BuiltAction.perform(Actions.java:639)
<br/>at org.openqa.selenium.interactions.Actions.perform(Actions.java:595)
<br/>at com.crm.pages.HomePage.VerifyBootstrapDatemenu(HomePage.java:97)
<br/>at com.crm.qa.testcases.BootStrapDatePickerPageTestCases.VerifyBootstrapPage(BootStrapDatePickerPageTestCases.java:64)
<br/>14 lines not shown
</div>
<p class="totop"><a href="#summary">back to summary</a></p>
<h2 id="m7">com.crm.qa.testcases.SimpleFormDemoPageTestCases:VerifySingleInputField</h2>
<div style="padding-left:3em">
<p>The element reference of &lt;a class=&quot;btn btn-success&quot; href=&quot;http://www.seleniumeasy.com/test&quot;&gt; is stale; either the element is no longer attached to the DOM, it is not in the current frame context, or the document has been refreshed
For documentation on this error, please visit: https://www.seleniumhq.org/exceptions/stale_element_reference.html
Build info: version: &apos;3.141.59&apos;, revision: &apos;e82be7d358&apos;, time: &apos;2018-11-14T08:17:03&apos;
System info: host: &apos;HIBACL44401&apos;, ip: &apos;10.91.112.58&apos;, os.name: &apos;Windows 10&apos;, os.arch: &apos;amd64&apos;, os.version: &apos;10.0&apos;, java.version: &apos;1.8.0_76-ea&apos;
Driver info: org.openqa.selenium.firefox.FirefoxDriver
Capabilities {acceptInsecureCerts: true, browserName: firefox, browserVersion: 69.0, javascriptEnabled: true, moz:accessibilityChecks: false, moz:buildID: 20190827005903, moz:geckodriverVersion: 0.24.0, moz:headless: false, moz:processID: 2296, moz:profile: C:\Users\inmanagall\AppData..., moz:shutdownTimeout: 60000, moz:useNonSpecCompliantPointerOrigin: false, moz:webdriverClick: true, pageLoadStrategy: normal, platform: WINDOWS, platformName: WINDOWS, platformVersion: 10.0, rotatable: false, setWindowRect: true, strictFileInteractability: false, timeouts: {implicit: 0, pageLoad: 300000, script: 30000}, unhandledPromptBehavior: dismiss and notify}
Session ID: f4680a75-6550-4e46-9ac8-ca4fadabd31d</p>
sun.reflect.NativeConstructorAccessorImpl.newInstance0(Native Method)
<br/>at sun.reflect.NativeConstructorAccessorImpl.newInstance(NativeConstructorAccessorImpl.java:62)
<br/>at sun.reflect.DelegatingConstructorAccessorImpl.newInstance(DelegatingConstructorAccessorImpl.java:45)
<br/>at java.lang.reflect.Constructor.newInstance(Constructor.java:423)
<br/>at org.openqa.selenium.remote.http.W3CHttpResponseCodec.createException(W3CHttpResponseCodec.java:187)
<br/>at org.openqa.selenium.remote.http.W3CHttpResponseCodec.decode(W3CHttpResponseCodec.java:122)
<br/>at org.openqa.selenium.remote.http.W3CHttpResponseCodec.decode(W3CHttpResponseCodec.java:49)
<br/>at org.openqa.selenium.remote.HttpCommandExecutor.execute(HttpCommandExecutor.java:158)
<br/>at org.openqa.selenium.remote.service.DriverCommandExecutor.execute(DriverCommandExecutor.java:83)
<br/>at org.openqa.selenium.remote.RemoteWebDriver.execute(RemoteWebDriver.java:552)
<br/>at org.openqa.selenium.remote.RemoteWebElement.execute(RemoteWebElement.java:285)
<br/>at org.openqa.selenium.remote.RemoteWebElement.click(RemoteWebElement.java:84)
<br/>at sun.reflect.NativeMethodAccessorImpl.invoke0(Native Method)
<br/>at sun.reflect.NativeMethodAccessorImpl.invoke(NativeMethodAccessorImpl.java:62)
<br/>at sun.reflect.DelegatingMethodAccessorImpl.invoke(DelegatingMethodAccessorImpl.java:43)
<br/>at java.lang.reflect.Method.invoke(Method.java:498)
<br/>at org.openqa.selenium.support.events.EventFiringWebDriver$EventFiringWebElement.lambda$new$0(EventFiringWebDriver.java:404)
<br/>at com.sun.proxy.$Proxy11.click(Unknown Source)
<br/>at org.openqa.selenium.support.events.EventFiringWebDriver$EventFiringWebElement.click(EventFiringWebDriver.java:417)
<br/>at sun.reflect.NativeMethodAccessorImpl.invoke0(Native Method)
<br/>at sun.reflect.NativeMethodAccessorImpl.invoke(NativeMethodAccessorImpl.java:62)
<br/>at sun.reflect.DelegatingMethodAccessorImpl.invoke(DelegatingMethodAccessorImpl.java:43)
<br/>at java.lang.reflect.Method.invoke(Method.java:498)
<br/>at org.openqa.selenium.support.pagefactory.internal.LocatingElementHandler.invoke(LocatingElementHandler.java:51)
<br/>at com.sun.proxy.$Proxy10.click(Unknown Source)
<br/>at com.crm.pages.HomePage.DemoLink(HomePage.java:57)
<br/>at com.crm.qa.testcases.SimpleFormDemoPageTestCases.VerifySingleInputField(SimpleFormDemoPageTestCases.java:45)
<br/>14 lines not shown
</div>
<p class="totop"><a href="#summary">back to summary</a></p>
<h2 id="m8">com.crm.util.TestUtil:clickScreenshots</h2>
<div style="padding-left:3em">
<p>
Method clickScreenshots requires 2 parameters but 0 were supplied in the @Test annotation.</p>
org.testng.internal.Parameters.checkParameterTypes(Parameters.java:198)
<br/>at org.testng.internal.Parameters.createParameters(Parameters.java:134)
<br/>at org.testng.internal.Parameters.createParameters(Parameters.java:370)
<br/>at org.testng.internal.Parameters.handleParameters(Parameters.java:447)
<br/>at org.testng.internal.Invoker.handleParameters(Invoker.java:1383)
<br/>at org.testng.internal.Invoker.createParameters(Invoker.java:1075)
<br/>at org.testng.internal.Invoker.invokeTestMethods(Invoker.java:1180)
<br/>at org.testng.internal.TestMethodWorker.invokeTestMethods(TestMethodWorker.java:127)
<br/>at org.testng.internal.TestMethodWorker.run(TestMethodWorker.java:111)
<br/>at java.util.concurrent.ThreadPoolExecutor.runWorker(ThreadPoolExecutor.java:1142)
<br/>at java.util.concurrent.ThreadPoolExecutor$Worker.run(ThreadPoolExecutor.java:617)
<br/>at java.lang.Thread.run(Thread.java:745)
<br/>1 lines not shown
</div>
<p class="totop"><a href="#summary">back to summary</a></p>
<h2 id="m9">com.crm.qa.testcases.HomePageTestcases:VerifySelectDropdownListLink</h2>
<div style="padding-left:3em">
<p>Unable to locate element: Input Forms1
For documentation on this error, please visit: https://www.seleniumhq.org/exceptions/no_such_element.html
Build info: version: &apos;3.141.59&apos;, revision: &apos;e82be7d358&apos;, time: &apos;2018-11-14T08:17:03&apos;
System info: host: &apos;HIBACL44401&apos;, ip: &apos;10.91.112.58&apos;, os.name: &apos;Windows 10&apos;, os.arch: &apos;amd64&apos;, os.version: &apos;10.0&apos;, java.version: &apos;1.8.0_76-ea&apos;
Driver info: org.openqa.selenium.firefox.FirefoxDriver
Capabilities {acceptInsecureCerts: true, browserName: firefox, browserVersion: 69.0, javascriptEnabled: true, moz:accessibilityChecks: false, moz:buildID: 20190827005903, moz:geckodriverVersion: 0.24.0, moz:headless: false, moz:processID: 2296, moz:profile: C:\Users\inmanagall\AppData..., moz:shutdownTimeout: 60000, moz:useNonSpecCompliantPointerOrigin: false, moz:webdriverClick: true, pageLoadStrategy: normal, platform: WINDOWS, platformName: WINDOWS, platformVersion: 10.0, rotatable: false, setWindowRect: true, strictFileInteractability: false, timeouts: {implicit: 0, pageLoad: 300000, script: 30000}, unhandledPromptBehavior: dismiss and notify}
Session ID: f4680a75-6550-4e46-9ac8-ca4fadabd31d
*** Element info: {Using=link text, value=Input Forms1}</p>
sun.reflect.NativeConstructorAccessorImpl.newInstance0(Native Method)
<br/>at sun.reflect.NativeConstructorAccessorImpl.newInstance(NativeConstructorAccessorImpl.java:62)
<br/>at sun.reflect.DelegatingConstructorAccessorImpl.newInstance(DelegatingConstructorAccessorImpl.java:45)
<br/>at java.lang.reflect.Constructor.newInstance(Constructor.java:423)
<br/>at org.openqa.selenium.remote.http.W3CHttpResponseCodec.createException(W3CHttpResponseCodec.java:187)
<br/>at org.openqa.selenium.remote.http.W3CHttpResponseCodec.decode(W3CHttpResponseCodec.java:122)
<br/>at org.openqa.selenium.remote.http.W3CHttpResponseCodec.decode(W3CHttpResponseCodec.java:49)
<br/>at org.openqa.selenium.remote.HttpCommandExecutor.execute(HttpCommandExecutor.java:158)
<br/>at org.openqa.selenium.remote.service.DriverCommandExecutor.execute(DriverCommandExecutor.java:83)
<br/>at org.openqa.selenium.remote.RemoteWebDriver.execute(RemoteWebDriver.java:552)
<br/>at org.openqa.selenium.remote.RemoteWebDriver.findElement(RemoteWebDriver.java:323)
<br/>at org.openqa.selenium.remote.RemoteWebDriver.findElementByLinkText(RemoteWebDriver.java:380)
<br/>at org.openqa.selenium.By$ByLinkText.findElement(By.java:220)
<br/>at org.openqa.selenium.remote.RemoteWebDriver.findElement(RemoteWebDriver.java:315)
<br/>at sun.reflect.NativeMethodAccessorImpl.invoke0(Native Method)
<br/>at sun.reflect.NativeMethodAccessorImpl.invoke(NativeMethodAccessorImpl.java:62)
<br/>at sun.reflect.DelegatingMethodAccessorImpl.invoke(DelegatingMethodAccessorImpl.java:43)
<br/>at java.lang.reflect.Method.invoke(Method.java:498)
<br/>at org.openqa.selenium.support.events.EventFiringWebDriver.lambda$new$1(EventFiringWebDriver.java:105)
<br/>at com.sun.proxy.$Proxy5.findElement(Unknown Source)
<br/>at org.openqa.selenium.support.events.EventFiringWebDriver.findElement(EventFiringWebDriver.java:194)
<br/>at org.openqa.selenium.support.pagefactory.DefaultElementLocator.findElement(DefaultElementLocator.java:69)
<br/>at org.openqa.selenium.support.pagefactory.internal.LocatingElementHandler.invoke(LocatingElementHandler.java:38)
<br/>at com.sun.proxy.$Proxy10.click(Unknown Source)
<br/>at com.crm.pages.HomePage.InputFormLink(HomePage.java:66)
<br/>at com.crm.qa.testcases.HomePageTestcases.VerifySelectDropdownListLink(HomePageTestcases.java:115)
<br/>14 lines not shown
</div>
<p class="totop"><a href="#summary">back to summary</a></p>
<h2 id="m10">com.crm.qa.testcases.SimpleFormDemoPageTestCases:VerifyTwoInputField</h2>
<div style="padding-left:3em">
<p>Unable to locate element: Input Forms1
For documentation on this error, please visit: https://www.seleniumhq.org/exceptions/no_such_element.html
Build info: version: &apos;3.141.59&apos;, revision: &apos;e82be7d358&apos;, time: &apos;2018-11-14T08:17:03&apos;
System info: host: &apos;HIBACL44401&apos;, ip: &apos;10.91.112.58&apos;, os.name: &apos;Windows 10&apos;, os.arch: &apos;amd64&apos;, os.version: &apos;10.0&apos;, java.version: &apos;1.8.0_76-ea&apos;
Driver info: org.openqa.selenium.firefox.FirefoxDriver
Capabilities {acceptInsecureCerts: true, browserName: firefox, browserVersion: 69.0, javascriptEnabled: true, moz:accessibilityChecks: false, moz:buildID: 20190827005903, moz:geckodriverVersion: 0.24.0, moz:headless: false, moz:processID: 16264, moz:profile: C:\Users\inmanagall\AppData..., moz:shutdownTimeout: 60000, moz:useNonSpecCompliantPointerOrigin: false, moz:webdriverClick: true, pageLoadStrategy: normal, platform: WINDOWS, platformName: WINDOWS, platformVersion: 10.0, rotatable: false, setWindowRect: true, strictFileInteractability: false, timeouts: {implicit: 0, pageLoad: 300000, script: 30000}, unhandledPromptBehavior: dismiss and notify}
Session ID: 5e280c88-1c83-4706-a557-13763b354b26
*** Element info: {Using=link text, value=Input Forms1}</p>
sun.reflect.NativeConstructorAccessorImpl.newInstance0(Native Method)
<br/>at sun.reflect.NativeConstructorAccessorImpl.newInstance(NativeConstructorAccessorImpl.java:62)
<br/>at sun.reflect.DelegatingConstructorAccessorImpl.newInstance(DelegatingConstructorAccessorImpl.java:45)
<br/>at java.lang.reflect.Constructor.newInstance(Constructor.java:423)
<br/>at org.openqa.selenium.remote.http.W3CHttpResponseCodec.createException(W3CHttpResponseCodec.java:187)
<br/>at org.openqa.selenium.remote.http.W3CHttpResponseCodec.decode(W3CHttpResponseCodec.java:122)
<br/>at org.openqa.selenium.remote.http.W3CHttpResponseCodec.decode(W3CHttpResponseCodec.java:49)
<br/>at org.openqa.selenium.remote.HttpCommandExecutor.execute(HttpCommandExecutor.java:158)
<br/>at org.openqa.selenium.remote.service.DriverCommandExecutor.execute(DriverCommandExecutor.java:83)
<br/>at org.openqa.selenium.remote.RemoteWebDriver.execute(RemoteWebDriver.java:552)
<br/>at org.openqa.selenium.remote.RemoteWebDriver.findElement(RemoteWebDriver.java:323)
<br/>at org.openqa.selenium.remote.RemoteWebDriver.findElementByLinkText(RemoteWebDriver.java:380)
<br/>at org.openqa.selenium.By$ByLinkText.findElement(By.java:220)
<br/>at org.openqa.selenium.remote.RemoteWebDriver.findElement(RemoteWebDriver.java:315)
<br/>at sun.reflect.NativeMethodAccessorImpl.invoke0(Native Method)
<br/>at sun.reflect.NativeMethodAccessorImpl.invoke(NativeMethodAccessorImpl.java:62)
<br/>at sun.reflect.DelegatingMethodAccessorImpl.invoke(DelegatingMethodAccessorImpl.java:43)
<br/>at java.lang.reflect.Method.invoke(Method.java:498)
<br/>at org.openqa.selenium.support.events.EventFiringWebDriver.lambda$new$1(EventFiringWebDriver.java:105)
<br/>at com.sun.proxy.$Proxy5.findElement(Unknown Source)
<br/>at org.openqa.selenium.support.events.EventFiringWebDriver.findElement(EventFiringWebDriver.java:194)
<br/>at org.openqa.selenium.support.pagefactory.DefaultElementLocator.findElement(DefaultElementLocator.java:69)
<br/>at org.openqa.selenium.support.pagefactory.internal.LocatingElementHandler.invoke(LocatingElementHandler.java:38)
<br/>at com.sun.proxy.$Proxy10.click(Unknown Source)
<br/>at com.crm.pages.HomePage.InputFormLink(HomePage.java:66)
<br/>at com.crm.qa.testcases.SimpleFormDemoPageTestCases.VerifyTwoInputField(SimpleFormDemoPageTestCases.java:62)
<br/>14 lines not shown
</div>
<p class="totop"><a href="#summary">back to summary</a></p>
</body></html>
